<?xml version="1.0" encoding="UTF-8"?>
<testng-results skipped="0" failed="0" ignored="0" total="1" passed="1">
  <reporter-output>
  </reporter-output>
  <suite name="Suite" duration-ms="9906" started-at="2019-10-12T15:41:33 PDT" finished-at="2019-10-12T15:41:42 PDT">
    <groups>
    </groups>
    <test name="Test" duration-ms="9906" started-at="2019-10-12T15:41:33 PDT" finished-at="2019-10-12T15:41:42 PDT">
      <class name="newmavenproject.AcmeTest">
        <test-method status="PASS" signature="run()[pri:0, instance:newmavenproject.AcmeTest@7d0587f1]" name="run" duration-ms="9844" started-at="2019-10-12T15:41:33 PDT" finished-at="2019-10-12T15:41:42 PDT">
          <reporter-output>
          </reporter-output>
        </test-method> <!-- run -->
      </class> <!-- newmavenproject.AcmeTest -->
    </test> <!-- Test -->
  </suite> <!-- Suite -->
</testng-results>
